2011/05/09 18:35:05 [error] [exception.CHttpException.404] exception 'CHttpException' with message 'The requested idea does not exists' in C:\wamp\www\sandbox\ideabox\application\protected\controllers\CommentController.php:21
Stack trace:
#0 C:\wamp\www\sandbox\ideabox\application\protected\controllers\CommentController.php(207): CommentController->loadIdea(NULL)
#1 C:\wamp\www\sandbox\ideabox\framework\web\filters\CInlineFilter.php(59): CommentController->filterIdeaContext(Object(CFilterChain))
#2 C:\wamp\www\sandbox\ideabox\framework\web\filters\CFilterChain.php(130): CInlineFilter->filter(Object(CFilterChain))
#3 C:\wamp\www\sandbox\ideabox\framework\web\filters\CFilter.php(41): CFilterChain->run()
#4 C:\wamp\www\sandbox\ideabox\framework\web\CController.php(1122): CFilter->filter(Object(CFilterChain))
#5 C:\wamp\www\sandbox\ideabox\framework\web\filters\CInlineFilter.php(59): CController->filterAccessControl(Object(CFilterChain))
#6 C:\wamp\www\sandbox\ideabox\framework\web\filters\CFilterChain.php(130): CInlineFilter->filter(Object(CFilterChain))
#7 C:\wamp\www\sandbox\ideabox\framework\web\CController.php(283): CFilterChain->run()
#8 C:\wamp\www\sandbox\ideabox\framework\web\CController.php(257): CController->runActionWithFilters(Object(CInlineAction), Array)
#9 C:\wamp\www\sandbox\ideabox\framework\web\CWebApplication.php(328): CController->run('create')
#10 C:\wamp\www\sandbox\ideabox\framework\web\CWebApplication.php(121): CWebApplication->runController('comment/create')
#11 C:\wamp\www\sandbox\ideabox\framework\base\CApplication.php(155): CWebApplication->processRequest()
#12 C:\wamp\www\sandbox\ideabox\application\index.php(13): CApplication->run()
#13 {main} REQUEST_URI=/sandbox/ideabox/application/comment/create
2011/05/09 18:41:37 [error] [system.db.CDbCommand] CDbCommand::execute() failed: SQLSTATE[HY000]: General error: 1452 Cannot add or update a child row: a foreign key constraint fails (`ideabox`.`idea`, CONSTRAINT `fk_user_idea` FOREIGN KEY (`user_id`) REFERENCES `user` (`id`) ON DELETE CASCADE ON UPDATE CASCADE). The SQL statement executed was: INSERT INTO `idea` (`title`, `idea`, `user_id`, `created`) VALUES (:yp0, :yp1, :yp2, :yp3).
in C:\wamp\www\sandbox\ideabox\application\protected\controllers\IdeaController.php (72)
in C:\wamp\www\sandbox\ideabox\application\index.php (13)
2011/05/09 18:41:37 [error] [exception.CDbException] exception 'CDbException' with message 'CDbCommand failed to execute the SQL statement: SQLSTATE[HY000]: General error: 1452 Cannot add or update a child row: a foreign key constraint fails (`ideabox`.`idea`, CONSTRAINT `fk_user_idea` FOREIGN KEY (`user_id`) REFERENCES `user` (`id`) ON DELETE CASCADE ON UPDATE CASCADE). The SQL statement executed was: INSERT INTO `idea` (`title`, `idea`, `user_id`, `created`) VALUES (:yp0, :yp1, :yp2, :yp3)' in C:\wamp\www\sandbox\ideabox\framework\db\CDbCommand.php:338
Stack trace:
#0 C:\wamp\www\sandbox\ideabox\framework\db\ar\CActiveRecord.php(1015): CDbCommand->execute()
#1 C:\wamp\www\sandbox\ideabox\framework\db\ar\CActiveRecord.php(779): CActiveRecord->insert(NULL)
#2 C:\wamp\www\sandbox\ideabox\application\protected\controllers\IdeaController.php(72): CActiveRecord->save()
#3 C:\wamp\www\sandbox\ideabox\framework\web\actions\CInlineAction.php(50): IdeaController->actionCreate()
#4 C:\wamp\www\sandbox\ideabox\framework\web\CController.php(300): CInlineAction->runWithParams(Array)
#5 C:\wamp\www\sandbox\ideabox\framework\web\filters\CFilterChain.php(133): CController->runAction(Object(CInlineAction))
#6 C:\wamp\www\sandbox\ideabox\framework\web\filters\CFilter.php(41): CFilterChain->run()
#7 C:\wamp\www\sandbox\ideabox\framework\web\CController.php(1122): CFilter->filter(Object(CFilterChain))
#8 C:\wamp\www\sandbox\ideabox\framework\web\filters\CInlineFilter.php(59): CController->filterAccessControl(Object(CFilterChain))
#9 C:\wamp\www\sandbox\ideabox\framework\web\filters\CFilterChain.php(130): CInlineFilter->filter(Object(CFilterChain))
#10 C:\wamp\www\sandbox\ideabox\framework\web\CController.php(283): CFilterChain->run()
#11 C:\wamp\www\sandbox\ideabox\framework\web\CController.php(257): CController->runActionWithFilters(Object(CInlineAction), Array)
#12 C:\wamp\www\sandbox\ideabox\framework\web\CWebApplication.php(328): CController->run('create')
#13 C:\wamp\www\sandbox\ideabox\framework\web\CWebApplication.php(121): CWebApplication->runController('idea/create')
#14 C:\wamp\www\sandbox\ideabox\framework\base\CApplication.php(155): CWebApplication->processRequest()
#15 C:\wamp\www\sandbox\ideabox\application\index.php(13): CApplication->run()
#16 {main} REQUEST_URI=/sandbox/ideabox/application/idea/create?idea_id=1
2011/05/09 18:53:28 [error] [exception.CHttpException.404] exception 'CHttpException' with message 'The requested page does not exist.' in C:\wamp\www\sandbox\ideabox\application\protected\controllers\IdeaController.php:160
Stack trace:
#0 C:\wamp\www\sandbox\ideabox\application\protected\controllers\IdeaController.php(54): IdeaController->loadModel('1')
#1 [internal function]: IdeaController->actionView('1')
#2 C:\wamp\www\sandbox\ideabox\framework\web\actions\CAction.php(104): ReflectionMethod->invokeArgs(Object(IdeaController), Array)
#3 C:\wamp\www\sandbox\ideabox\framework\web\actions\CInlineAction.php(48): CAction->runWithParamsInternal(Object(IdeaController), Object(ReflectionMethod), Array)
#4 C:\wamp\www\sandbox\ideabox\framework\web\CController.php(300): CInlineAction->runWithParams(Array)
#5 C:\wamp\www\sandbox\ideabox\framework\web\filters\CFilterChain.php(133): CController->runAction(Object(CInlineAction))
#6 C:\wamp\www\sandbox\ideabox\framework\web\filters\CFilter.php(41): CFilterChain->run()
#7 C:\wamp\www\sandbox\ideabox\framework\web\CController.php(1122): CFilter->filter(Object(CFilterChain))
#8 C:\wamp\www\sandbox\ideabox\framework\web\filters\CInlineFilter.php(59): CController->filterAccessControl(Object(CFilterChain))
#9 C:\wamp\www\sandbox\ideabox\framework\web\filters\CFilterChain.php(130): CInlineFilter->filter(Object(CFilterChain))
#10 C:\wamp\www\sandbox\ideabox\framework\web\CController.php(283): CFilterChain->run()
#11 C:\wamp\www\sandbox\ideabox\framework\web\CController.php(257): CController->runActionWithFilters(Object(CInlineAction), Array)
#12 C:\wamp\www\sandbox\ideabox\framework\web\CWebApplication.php(328): CController->run('view')
#13 C:\wamp\www\sandbox\ideabox\framework\web\CWebApplication.php(121): CWebApplication->runController('idea/view')
#14 C:\wamp\www\sandbox\ideabox\framework\base\CApplication.php(155): CWebApplication->processRequest()
#15 C:\wamp\www\sandbox\ideabox\application\index.php(13): CApplication->run()
#16 {main} REQUEST_URI=/sandbox/ideabox/application/idea/1
2011/05/09 19:05:02 [error] [php] Missing argument 1 for IdeaController::loadModel(), called in C:\wamp\www\sandbox\ideabox\application\protected\controllers\IdeaController.php on line 57 and defined (C:\wamp\www\sandbox\ideabox\application\protected\controllers\IdeaController.php:168)
Stack trace:
#0 C:\wamp\www\sandbox\ideabox\framework\web\actions\CAction.php(104): ReflectionMethod->invokeArgs()
#1 C:\wamp\www\sandbox\ideabox\framework\web\actions\CInlineAction.php(48): CInlineAction->runWithParamsInternal()
#2 C:\wamp\www\sandbox\ideabox\framework\web\CController.php(300): CInlineAction->runWithParams()
#3 C:\wamp\www\sandbox\ideabox\framework\web\filters\CFilterChain.php(133): IdeaController->runAction()
#4 C:\wamp\www\sandbox\ideabox\framework\web\filters\CFilter.php(41): CFilterChain->run()
#5 C:\wamp\www\sandbox\ideabox\framework\web\CController.php(1122): CAccessControlFilter->filter()
#6 C:\wamp\www\sandbox\ideabox\framework\web\filters\CInlineFilter.php(59): IdeaController->filterAccessControl()
#7 C:\wamp\www\sandbox\ideabox\framework\web\filters\CFilterChain.php(130): CInlineFilter->filter()
#8 C:\wamp\www\sandbox\ideabox\framework\web\CController.php(283): CFilterChain->run()
#9 C:\wamp\www\sandbox\ideabox\framework\web\CController.php(257): IdeaController->runActionWithFilters()
#10 C:\wamp\www\sandbox\ideabox\framework\web\CWebApplication.php(328): IdeaController->run()
#11 C:\wamp\www\sandbox\ideabox\framework\web\CWebApplication.php(121): CWebApplication->runController()
#12 C:\wamp\www\sandbox\ideabox\framework\base\CApplication.php(155): CWebApplication->processRequest()
#13 C:\wamp\www\sandbox\ideabox\application\index.php(13): CWebApplication->run()
REQUEST_URI=/sandbox/ideabox/application/idea/2
in C:\wamp\www\sandbox\ideabox\application\protected\controllers\IdeaController.php (168)
in C:\wamp\www\sandbox\ideabox\application\protected\controllers\IdeaController.php (57)
in C:\wamp\www\sandbox\ideabox\application\index.php (13)
2011/05/09 19:07:22 [error] [exception.CHttpException.404] exception 'CHttpException' with message 'The requested page does not exist.' in C:\wamp\www\sandbox\ideabox\application\protected\controllers\IdeaController.php:172
Stack trace:
#0 C:\wamp\www\sandbox\ideabox\application\protected\controllers\IdeaController.php(57): IdeaController->loadModel('1')
#1 [internal function]: IdeaController->actionView('1')
#2 C:\wamp\www\sandbox\ideabox\framework\web\actions\CAction.php(104): ReflectionMethod->invokeArgs(Object(IdeaController), Array)
#3 C:\wamp\www\sandbox\ideabox\framework\web\actions\CInlineAction.php(48): CAction->runWithParamsInternal(Object(IdeaController), Object(ReflectionMethod), Array)
#4 C:\wamp\www\sandbox\ideabox\framework\web\CController.php(300): CInlineAction->runWithParams(Array)
#5 C:\wamp\www\sandbox\ideabox\framework\web\filters\CFilterChain.php(133): CController->runAction(Object(CInlineAction))
#6 C:\wamp\www\sandbox\ideabox\framework\web\filters\CFilter.php(41): CFilterChain->run()
#7 C:\wamp\www\sandbox\ideabox\framework\web\CController.php(1122): CFilter->filter(Object(CFilterChain))
#8 C:\wamp\www\sandbox\ideabox\framework\web\filters\CInlineFilter.php(59): CController->filterAccessControl(Object(CFilterChain))
#9 C:\wamp\www\sandbox\ideabox\framework\web\filters\CFilterChain.php(130): CInlineFilter->filter(Object(CFilterChain))
#10 C:\wamp\www\sandbox\ideabox\framework\web\CController.php(283): CFilterChain->run()
#11 C:\wamp\www\sandbox\ideabox\framework\web\CController.php(257): CController->runActionWithFilters(Object(CInlineAction), Array)
#12 C:\wamp\www\sandbox\ideabox\framework\web\CWebApplication.php(328): CController->run('view')
#13 C:\wamp\www\sandbox\ideabox\framework\web\CWebApplication.php(121): CWebApplication->runController('idea/view')
#14 C:\wamp\www\sandbox\ideabox\framework\base\CApplication.php(155): CWebApplication->processRequest()
#15 C:\wamp\www\sandbox\ideabox\application\index.php(13): CApplication->run()
#16 {main} REQUEST_URI=/sandbox/ideabox/application/idea/1
2011/05/09 19:16:29 [error] [php] Undefined variable: mode (C:\wamp\www\sandbox\ideabox\application\protected\views\idea\view.php:25)
Stack trace:
#0 C:\wamp\www\sandbox\ideabox\framework\web\CController.php(866): IdeaController->renderFile()
#1 C:\wamp\www\sandbox\ideabox\framework\web\CController.php(779): IdeaController->renderPartial()
#2 C:\wamp\www\sandbox\ideabox\application\protected\controllers\IdeaController.php(67): IdeaController->render()
#3 unknown(0): IdeaController->actionView()
#4 C:\wamp\www\sandbox\ideabox\framework\web\actions\CAction.php(104): ReflectionMethod->invokeArgs()
#5 C:\wamp\www\sandbox\ideabox\framework\web\actions\CInlineAction.php(48): CInlineAction->runWithParamsInternal()
#6 C:\wamp\www\sandbox\ideabox\framework\web\CController.php(300): CInlineAction->runWithParams()
#7 C:\wamp\www\sandbox\ideabox\framework\web\filters\CFilterChain.php(133): IdeaController->runAction()
#8 C:\wamp\www\sandbox\ideabox\framework\web\filters\CFilter.php(41): CFilterChain->run()
#9 C:\wamp\www\sandbox\ideabox\framework\web\CController.php(1122): CAccessControlFilter->filter()
#10 C:\wamp\www\sandbox\ideabox\framework\web\filters\CInlineFilter.php(59): IdeaController->filterAccessControl()
#11 C:\wamp\www\sandbox\ideabox\framework\web\filters\CFilterChain.php(130): CInlineFilter->filter()
#12 C:\wamp\www\sandbox\ideabox\framework\web\CController.php(283): CFilterChain->run()
#13 C:\wamp\www\sandbox\ideabox\framework\web\CController.php(257): IdeaController->runActionWithFilters()
#14 C:\wamp\www\sandbox\ideabox\framework\web\CWebApplication.php(328): IdeaController->run()
#15 C:\wamp\www\sandbox\ideabox\framework\web\CWebApplication.php(121): CWebApplication->runController()
#16 C:\wamp\www\sandbox\ideabox\framework\base\CApplication.php(155): CWebApplication->processRequest()
#17 C:\wamp\www\sandbox\ideabox\application\index.php(13): CWebApplication->run()
REQUEST_URI=/sandbox/ideabox/application/idea/2
in C:\wamp\www\sandbox\ideabox\application\protected\views\idea\view.php (25)
in C:\wamp\www\sandbox\ideabox\application\protected\controllers\IdeaController.php (67)
in C:\wamp\www\sandbox\ideabox\application\index.php (13)
2011/05/09 19:16:46 [error] [php] Undefined variable: mode (C:\wamp\www\sandbox\ideabox\application\protected\views\idea\view.php:25)
Stack trace:
#0 C:\wamp\www\sandbox\ideabox\framework\web\CController.php(866): IdeaController->renderFile()
#1 C:\wamp\www\sandbox\ideabox\framework\web\CController.php(779): IdeaController->renderPartial()
#2 C:\wamp\www\sandbox\ideabox\application\protected\controllers\IdeaController.php(67): IdeaController->render()
#3 unknown(0): IdeaController->actionView()
#4 C:\wamp\www\sandbox\ideabox\framework\web\actions\CAction.php(104): ReflectionMethod->invokeArgs()
#5 C:\wamp\www\sandbox\ideabox\framework\web\actions\CInlineAction.php(48): CInlineAction->runWithParamsInternal()
#6 C:\wamp\www\sandbox\ideabox\framework\web\CController.php(300): CInlineAction->runWithParams()
#7 C:\wamp\www\sandbox\ideabox\framework\web\filters\CFilterChain.php(133): IdeaController->runAction()
#8 C:\wamp\www\sandbox\ideabox\framework\web\filters\CFilter.php(41): CFilterChain->run()
#9 C:\wamp\www\sandbox\ideabox\framework\web\CController.php(1122): CAccessControlFilter->filter()
#10 C:\wamp\www\sandbox\ideabox\framework\web\filters\CInlineFilter.php(59): IdeaController->filterAccessControl()
#11 C:\wamp\www\sandbox\ideabox\framework\web\filters\CFilterChain.php(130): CInlineFilter->filter()
#12 C:\wamp\www\sandbox\ideabox\framework\web\CController.php(283): CFilterChain->run()
#13 C:\wamp\www\sandbox\ideabox\framework\web\CController.php(257): IdeaController->runActionWithFilters()
#14 C:\wamp\www\sandbox\ideabox\framework\web\CWebApplication.php(328): IdeaController->run()
#15 C:\wamp\www\sandbox\ideabox\framework\web\CWebApplication.php(121): CWebApplication->runController()
#16 C:\wamp\www\sandbox\ideabox\framework\base\CApplication.php(155): CWebApplication->processRequest()
#17 C:\wamp\www\sandbox\ideabox\application\index.php(13): CWebApplication->run()
REQUEST_URI=/sandbox/ideabox/application/idea/2
in C:\wamp\www\sandbox\ideabox\application\protected\views\idea\view.php (25)
in C:\wamp\www\sandbox\ideabox\application\protected\controllers\IdeaController.php (67)
in C:\wamp\www\sandbox\ideabox\application\index.php (13)
2011/05/09 19:25:08 [error] [exception.CHttpException.404] exception 'CHttpException' with message 'The requested page does not exist.' in C:\wamp\www\sandbox\ideabox\application\protected\controllers\IdeaController.php:172
Stack trace:
#0 C:\wamp\www\sandbox\ideabox\application\protected\controllers\IdeaController.php(57): IdeaController->loadModel('1')
#1 [internal function]: IdeaController->actionView('1')
#2 C:\wamp\www\sandbox\ideabox\framework\web\actions\CAction.php(104): ReflectionMethod->invokeArgs(Object(IdeaController), Array)
#3 C:\wamp\www\sandbox\ideabox\framework\web\actions\CInlineAction.php(48): CAction->runWithParamsInternal(Object(IdeaController), Object(ReflectionMethod), Array)
#4 C:\wamp\www\sandbox\ideabox\framework\web\CController.php(300): CInlineAction->runWithParams(Array)
#5 C:\wamp\www\sandbox\ideabox\framework\web\filters\CFilterChain.php(133): CController->runAction(Object(CInlineAction))
#6 C:\wamp\www\sandbox\ideabox\framework\web\filters\CFilter.php(41): CFilterChain->run()
#7 C:\wamp\www\sandbox\ideabox\framework\web\CController.php(1122): CFilter->filter(Object(CFilterChain))
#8 C:\wamp\www\sandbox\ideabox\framework\web\filters\CInlineFilter.php(59): CController->filterAccessControl(Object(CFilterChain))
#9 C:\wamp\www\sandbox\ideabox\framework\web\filters\CFilterChain.php(130): CInlineFilter->filter(Object(CFilterChain))
#10 C:\wamp\www\sandbox\ideabox\framework\web\CController.php(283): CFilterChain->run()
#11 C:\wamp\www\sandbox\ideabox\framework\web\CController.php(257): CController->runActionWithFilters(Object(CInlineAction), Array)
#12 C:\wamp\www\sandbox\ideabox\framework\web\CWebApplication.php(328): CController->run('view')
#13 C:\wamp\www\sandbox\ideabox\framework\web\CWebApplication.php(121): CWebApplication->runController('idea/view')
#14 C:\wamp\www\sandbox\ideabox\framework\base\CApplication.php(155): CWebApplication->processRequest()
#15 C:\wamp\www\sandbox\ideabox\application\index.php(13): CApplication->run()
#16 {main} REQUEST_URI=/sandbox/ideabox/application/idea/1
2011/05/09 19:28:42 [error] [exception.CException] exception 'CException' with message 'Property "Comment.ide" is not defined.' in C:\wamp\www\sandbox\ideabox\framework\base\CComponent.php:131
Stack trace:
#0 C:\wamp\www\sandbox\ideabox\framework\db\ar\CActiveRecord.php(128): CComponent->__get('ide')
#1 C:\wamp\www\sandbox\ideabox\application\protected\views\comment\view.php(25): CActiveRecord->__get('ide')
#2 C:\wamp\www\sandbox\ideabox\framework\web\CBaseController.php(119): require('C:\wamp\www\san...')
#3 C:\wamp\www\sandbox\ideabox\framework\web\CBaseController.php(88): CBaseController->renderInternal('C:\wamp\www\san...', Array, true)
#4 C:\wamp\www\sandbox\ideabox\framework\web\CController.php(866): CBaseController->renderFile('C:\wamp\www\san...', Array, true)
#5 C:\wamp\www\sandbox\ideabox\framework\web\CController.php(779): CController->renderPartial('view', Array, true)
#6 C:\wamp\www\sandbox\ideabox\application\protected\controllers\CommentController.php(73): CController->render('view', Array)
#7 [internal function]: CommentController->actionView('1')
#8 C:\wamp\www\sandbox\ideabox\framework\web\actions\CAction.php(104): ReflectionMethod->invokeArgs(Object(CommentController), Array)
#9 C:\wamp\www\sandbox\ideabox\framework\web\actions\CInlineAction.php(48): CAction->runWithParamsInternal(Object(CommentController), Object(ReflectionMethod), Array)
#10 C:\wamp\www\sandbox\ideabox\framework\web\CController.php(300): CInlineAction->runWithParams(Array)
#11 C:\wamp\www\sandbox\ideabox\framework\web\filters\CFilterChain.php(133): CController->runAction(Object(CInlineAction))
#12 C:\wamp\www\sandbox\ideabox\framework\web\filters\CFilter.php(41): CFilterChain->run()
#13 C:\wamp\www\sandbox\ideabox\framework\web\CController.php(1122): CFilter->filter(Object(CFilterChain))
#14 C:\wamp\www\sandbox\ideabox\framework\web\filters\CInlineFilter.php(59): CController->filterAccessControl(Object(CFilterChain))
#15 C:\wamp\www\sandbox\ideabox\framework\web\filters\CFilterChain.php(130): CInlineFilter->filter(Object(CFilterChain))
#16 C:\wamp\www\sandbox\ideabox\framework\web\CController.php(283): CFilterChain->run()
#17 C:\wamp\www\sandbox\ideabox\framework\web\CController.php(257): CController->runActionWithFilters(Object(CInlineAction), Array)
#18 C:\wamp\www\sandbox\ideabox\framework\web\CWebApplication.php(328): CController->run('view')
#19 C:\wamp\www\sandbox\ideabox\framework\web\CWebApplication.php(121): CWebApplication->runController('comment/view')
#20 C:\wamp\www\sandbox\ideabox\framework\base\CApplication.php(155): CWebApplication->processRequest()
#21 C:\wamp\www\sandbox\ideabox\application\index.php(13): CApplication->run()
#22 {main} REQUEST_URI=/sandbox/ideabox/application/comment/1
2011/05/09 20:45:25 [error] [php] Trying to get property of non-object (C:\wamp\www\sandbox\ideabox\application\protected\views\comment\view.php:24)
Stack trace:
#0 C:\wamp\www\sandbox\ideabox\framework\web\CController.php(866): CommentController->renderFile()
#1 C:\wamp\www\sandbox\ideabox\framework\web\CController.php(779): CommentController->renderPartial()
#2 C:\wamp\www\sandbox\ideabox\application\protected\controllers\CommentController.php(73): CommentController->render()
#3 unknown(0): CommentController->actionView()
#4 C:\wamp\www\sandbox\ideabox\framework\web\actions\CAction.php(104): ReflectionMethod->invokeArgs()
#5 C:\wamp\www\sandbox\ideabox\framework\web\actions\CInlineAction.php(48): CInlineAction->runWithParamsInternal()
#6 C:\wamp\www\sandbox\ideabox\framework\web\CController.php(300): CInlineAction->runWithParams()
#7 C:\wamp\www\sandbox\ideabox\framework\web\filters\CFilterChain.php(133): CommentController->runAction()
#8 C:\wamp\www\sandbox\ideabox\framework\web\filters\CFilter.php(41): CFilterChain->run()
#9 C:\wamp\www\sandbox\ideabox\framework\web\CController.php(1122): CAccessControlFilter->filter()
#10 C:\wamp\www\sandbox\ideabox\framework\web\filters\CInlineFilter.php(59): CommentController->filterAccessControl()
#11 C:\wamp\www\sandbox\ideabox\framework\web\filters\CFilterChain.php(130): CInlineFilter->filter()
#12 C:\wamp\www\sandbox\ideabox\framework\web\CController.php(283): CFilterChain->run()
#13 C:\wamp\www\sandbox\ideabox\framework\web\CController.php(257): CommentController->runActionWithFilters()
#14 C:\wamp\www\sandbox\ideabox\framework\web\CWebApplication.php(328): CommentController->run()
#15 C:\wamp\www\sandbox\ideabox\framework\web\CWebApplication.php(121): CWebApplication->runController()
#16 C:\wamp\www\sandbox\ideabox\framework\base\CApplication.php(155): CWebApplication->processRequest()
#17 C:\wamp\www\sandbox\ideabox\application\index.php(13): CWebApplication->run()
REQUEST_URI=/sandbox/ideabox/application/comment/4
in C:\wamp\www\sandbox\ideabox\application\protected\views\comment\view.php (24)
in C:\wamp\www\sandbox\ideabox\application\protected\controllers\CommentController.php (73)
in C:\wamp\www\sandbox\ideabox\application\index.php (13)
2011/05/09 20:48:18 [error] [php] Undefined variable: mode (C:\wamp\www\sandbox\ideabox\application\protected\views\comment\view.php:16)
Stack trace:
#0 C:\wamp\www\sandbox\ideabox\framework\web\CController.php(866): CommentController->renderFile()
#1 C:\wamp\www\sandbox\ideabox\framework\web\CController.php(779): CommentController->renderPartial()
#2 C:\wamp\www\sandbox\ideabox\application\protected\controllers\CommentController.php(73): CommentController->render()
#3 unknown(0): CommentController->actionView()
#4 C:\wamp\www\sandbox\ideabox\framework\web\actions\CAction.php(104): ReflectionMethod->invokeArgs()
#5 C:\wamp\www\sandbox\ideabox\framework\web\actions\CInlineAction.php(48): CInlineAction->runWithParamsInternal()
#6 C:\wamp\www\sandbox\ideabox\framework\web\CController.php(300): CInlineAction->runWithParams()
#7 C:\wamp\www\sandbox\ideabox\framework\web\filters\CFilterChain.php(133): CommentController->runAction()
#8 C:\wamp\www\sandbox\ideabox\framework\web\filters\CFilter.php(41): CFilterChain->run()
#9 C:\wamp\www\sandbox\ideabox\framework\web\CController.php(1122): CAccessControlFilter->filter()
#10 C:\wamp\www\sandbox\ideabox\framework\web\filters\CInlineFilter.php(59): CommentController->filterAccessControl()
#11 C:\wamp\www\sandbox\ideabox\framework\web\filters\CFilterChain.php(130): CInlineFilter->filter()
#12 C:\wamp\www\sandbox\ideabox\framework\web\CController.php(283): CFilterChain->run()
#13 C:\wamp\www\sandbox\ideabox\framework\web\CController.php(257): CommentController->runActionWithFilters()
#14 C:\wamp\www\sandbox\ideabox\framework\web\CWebApplication.php(328): CommentController->run()
#15 C:\wamp\www\sandbox\ideabox\framework\web\CWebApplication.php(121): CWebApplication->runController()
#16 C:\wamp\www\sandbox\ideabox\framework\base\CApplication.php(155): CWebApplication->processRequest()
#17 C:\wamp\www\sandbox\ideabox\application\index.php(13): CWebApplication->run()
REQUEST_URI=/sandbox/ideabox/application/comment/4
in C:\wamp\www\sandbox\ideabox\application\protected\views\comment\view.php (16)
in C:\wamp\www\sandbox\ideabox\application\protected\controllers\CommentController.php (73)
in C:\wamp\www\sandbox\ideabox\application\index.php (13)
2011/05/09 21:22:51 [error] [exception.CHttpException.404] exception 'CHttpException' with message 'The requested page does not exist.' in C:\wamp\www\sandbox\ideabox\application\protected\controllers\IdeaController.php:172
Stack trace:
#0 C:\wamp\www\sandbox\ideabox\application\protected\controllers\IdeaController.php(57): IdeaController->loadModel('1')
#1 [internal function]: IdeaController->actionView('1')
#2 C:\wamp\www\sandbox\ideabox\framework\web\actions\CAction.php(104): ReflectionMethod->invokeArgs(Object(IdeaController), Array)
#3 C:\wamp\www\sandbox\ideabox\framework\web\actions\CInlineAction.php(48): CAction->runWithParamsInternal(Object(IdeaController), Object(ReflectionMethod), Array)
#4 C:\wamp\www\sandbox\ideabox\framework\web\CController.php(300): CInlineAction->runWithParams(Array)
#5 C:\wamp\www\sandbox\ideabox\framework\web\filters\CFilterChain.php(133): CController->runAction(Object(CInlineAction))
#6 C:\wamp\www\sandbox\ideabox\framework\web\filters\CFilter.php(41): CFilterChain->run()
#7 C:\wamp\www\sandbox\ideabox\framework\web\CController.php(1122): CFilter->filter(Object(CFilterChain))
#8 C:\wamp\www\sandbox\ideabox\framework\web\filters\CInlineFilter.php(59): CController->filterAccessControl(Object(CFilterChain))
#9 C:\wamp\www\sandbox\ideabox\framework\web\filters\CFilterChain.php(130): CInlineFilter->filter(Object(CFilterChain))
#10 C:\wamp\www\sandbox\ideabox\framework\web\CController.php(283): CFilterChain->run()
#11 C:\wamp\www\sandbox\ideabox\framework\web\CController.php(257): CController->runActionWithFilters(Object(CInlineAction), Array)
#12 C:\wamp\www\sandbox\ideabox\framework\web\CWebApplication.php(328): CController->run('view')
#13 C:\wamp\www\sandbox\ideabox\framework\web\CWebApplication.php(121): CWebApplication->runController('idea/view')
#14 C:\wamp\www\sandbox\ideabox\framework\base\CApplication.php(155): CWebApplication->processRequest()
#15 C:\wamp\www\sandbox\ideabox\application\index.php(13): CApplication->run()
#16 {main} REQUEST_URI=/sandbox/ideabox/application/idea/1
2011/05/09 21:37:28 [error] [exception.CException] exception 'CException' with message 'Property "User.last_login_time" is not defined.' in C:\wamp\www\sandbox\ideabox\framework\base\CComponent.php:131
Stack trace:
#0 C:\wamp\www\sandbox\ideabox\framework\db\ar\CActiveRecord.php(128): CComponent->__get('last_login_time')
#1 C:\wamp\www\sandbox\ideabox\application\protected\components\UserIdentity.php(46): CActiveRecord->__get('last_login_time')
#2 C:\wamp\www\sandbox\ideabox\application\protected\models\LoginForm.php(52): UserIdentity->authenticate()
#3 C:\wamp\www\sandbox\ideabox\framework\validators\CInlineValidator.php(39): LoginForm->authenticate('password', Array)
#4 C:\wamp\www\sandbox\ideabox\framework\validators\CValidator.php(192): CInlineValidator->validateAttribute(Object(LoginForm), 'password')
#5 C:\wamp\www\sandbox\ideabox\framework\base\CModel.php(152): CValidator->validate(Object(LoginForm), NULL)
#6 C:\wamp\www\sandbox\ideabox\application\protected\controllers\SiteController.php(88): CModel->validate()
#7 C:\wamp\www\sandbox\ideabox\framework\web\actions\CInlineAction.php(50): SiteController->actionLogin()
#8 C:\wamp\www\sandbox\ideabox\framework\web\CController.php(300): CInlineAction->runWithParams(Array)
#9 C:\wamp\www\sandbox\ideabox\framework\web\CController.php(278): CController->runAction(Object(CInlineAction))
#10 C:\wamp\www\sandbox\ideabox\framework\web\CController.php(257): CController->runActionWithFilters(Object(CInlineAction), Array)
#11 C:\wamp\www\sandbox\ideabox\framework\web\CWebApplication.php(328): CController->run('login')
#12 C:\wamp\www\sandbox\ideabox\framework\web\CWebApplication.php(121): CWebApplication->runController('site/login')
#13 C:\wamp\www\sandbox\ideabox\framework\base\CApplication.php(155): CWebApplication->processRequest()
#14 C:\wamp\www\sandbox\ideabox\application\index.php(13): CApplication->run()
#15 {main} REQUEST_URI=/sandbox/ideabox/application/site/login
2011/05/09 21:43:13 [error] [php] Undefined variable: lastLgin (C:\wamp\www\sandbox\ideabox\application\protected\components\UserIdentity.php:53)
Stack trace:
#0 C:\wamp\www\sandbox\ideabox\framework\validators\CValidator.php(192): CInlineValidator->validateAttribute()
#1 C:\wamp\www\sandbox\ideabox\framework\base\CModel.php(152): CInlineValidator->validate()
#2 C:\wamp\www\sandbox\ideabox\application\protected\controllers\SiteController.php(88): LoginForm->validate()
#3 C:\wamp\www\sandbox\ideabox\framework\web\actions\CInlineAction.php(50): SiteController->actionLogin()
#4 C:\wamp\www\sandbox\ideabox\framework\web\CController.php(300): CInlineAction->runWithParams()
#5 C:\wamp\www\sandbox\ideabox\framework\web\CController.php(278): SiteController->runAction()
#6 C:\wamp\www\sandbox\ideabox\framework\web\CController.php(257): SiteController->runActionWithFilters()
#7 C:\wamp\www\sandbox\ideabox\framework\web\CWebApplication.php(328): SiteController->run()
#8 C:\wamp\www\sandbox\ideabox\framework\web\CWebApplication.php(121): CWebApplication->runController()
#9 C:\wamp\www\sandbox\ideabox\framework\base\CApplication.php(155): CWebApplication->processRequest()
#10 C:\wamp\www\sandbox\ideabox\application\index.php(13): CWebApplication->run()
REQUEST_URI=/sandbox/ideabox/application/site/login
in C:\wamp\www\sandbox\ideabox\application\protected\components\UserIdentity.php (53)
in C:\wamp\www\sandbox\ideabox\application\protected\models\LoginForm.php (52)
in C:\wamp\www\sandbox\ideabox\application\protected\controllers\SiteController.php (88)
